GATEWAY_INTERFACE: CGI/1.1
PATH_INFO: /
QUERY_STRING: 
REMOTE_ADDR: 127.0.0.1
REMOTE_HOST: 127.0.0.1
REQUEST_METHOD: GET
REQUEST_URI: http://localhost:3000/
SCRIPT_NAME: 
SERVER_NAME: localhost
SERVER_PORT: 3000
SERVER_PROTOCOL: HTTP/1.1
SERVER_SOFTWARE: WEBrick/1.3.1 (Ruby/2.3.1/2016-04-26)
HTTP_HOST: localhost:3000
HTTP_CONNECTION: keep-alive
HTTP_PRAGMA: no-cache
HTTP_CACHE_CONTROL: no-cache
HTTP_UPGRADE_INSECURE_REQUESTS: 1
HTTP_USER_AGENT: Mozilla/5.0 (X11; Linux x86_64) AppleWebKit/537.36 (KHTML, like Gecko) Chrome/57.0.2987.98 Safari/537.36
HTTP_ACCEPT: text/html,application/xhtml+xml,application/xml;q=0.9,image/webp,*/*;q=0.8
HTTP_DNT: 1
HTTP_ACCEPT_ENCODING: gzip, deflate, sdch, br
HTTP_ACCEPT_LANGUAGE: en-US,en;q=0.8
HTTP_COOKIE: _minow_session=QWt1cTJjekRBcUV6ajBWYmxrV1loSnRJTnJwaEJvUnFvVzBPYTRaeXpuanAyUVJrd0hkSzUrSi9jZGFGL05uZGZNSTVoUGUwRU1IOWJzengrMEpVRnZoQWoxR1MrNXEvdEtnTzZNSnNLbXpzZjhRSkRVQUZlWjAwb21wcUdaSHovMTdVUjhuVnR3V0JaQTFEZ3BGUml2UHRlaDVKN2orZVFJa3lybkd0OXRLVFBmRU9xeXhHVDdTdE1qd3JCTWNvZEtrMVgweHY2UExWVVMwTzdFRENaeFQ2eitDVjd0cUZtLzJWbk9XMlArcz0tLVBsZlB4V0VOa3h2NUlCa0VycDBCS2c9PQ%3D%3D--a17b6c2e626d19726b66ac54573fc36347e65df4; __profilin=p%3Dt; rack.session=BAh7CEkiD3Nlc3Npb25faWQGOgZFVEkiRTU4M2E0MjYzYjE1ODI2MjZiY2Yw%0AZDcyOWZlYWY2NWEwMzIyOGFjMzU5Y2JhYjllMWM0Y2UwYWE1NjZlY2ZhNDQG%0AOwBGSSIJY3NyZgY7AFRJIiU3YjJhNmIzZjU1ODU5Mjg1N2VkMTdlZWZhMmVi%0AM2RhNgY7AFRJIg10cmFja2luZwY7AFR7B0kiFEhUVFBfVVNFUl9BR0VOVAY7%0AAFRJIi1iYzg3ODM2YTVhMDM2MzNiZDdjZjQxY2EyNTllOGEyZWMzNWJiYTY1%0ABjsAVEkiGUhUVFBfQUNDRVBUX0xBTkdVQUdFBjsAVEkiLTY2ZWFlOTcxNDky%0AOTM4YzJkY2MyZmIxZGRjOGQ3ZWMzMTk2MDM3ZGEGOwBU%0A--1bfea129fe5655e8592920f42e7ea657b0c09d7e; _railsapp_session=ekZFSUxNY0U1UUNoaHMzekQ2RGZMa0lsb01LNTZybTRqMFFZNzcvN2ZBc2FOZnhpWCtIMlhjcWJsSFRuZG44MU4reG91UUY3ZWh2cHJaVlVuMVJXUFgvVVc4U3VRMlpuNlh3Z25XUlZZTGhHK1c5TVpqL3g4YzVLT05SSDV5c0pYVWlzaW0yNnpOTjh2ZHVSNXkyeTR6bHp6YVdqSk9LaHRVbWFOYkxvYjBhcTlKZGNrYXdoMllMNktKNUpDZmVpMG1GYnRZdURIWmg2NWRwSWdwR3NVdTJpRjR2Tml1NTQ4Z3ZlVTR6d2RJaGMvWUJOVXpnTzI2TFpuWVlPRzkvcHlrSXJXNFJFT09vcUs2ZlgxaG1LbjZmcSs3YjdQV1RyTE5NMTF1cUUvK0hYQ2RsaktLQ0wzelpUa3VYN1BYY0g1b0pZQlJkMUF6RzNuWjIrWW5leHB1c2JhNkt4Y3NybnB0dFlUZ0N0aFlnPS0tdVV4QzlrY3BPWjNHSnBCeGZvOHlFUT09--739aa38dc2ab00c9708d0983d31d0492716bad7d
HTTP_VERSION: HTTP/1.1
REQUEST_PATH: /
ORIGINAL_FULLPATH: /
ORIGINAL_SCRIPT_NAME: 
