GATEWAY_INTERFACE: CGI/1.1
PATH_INFO: /
QUERY_STRING: 
REMOTE_ADDR: 127.0.0.1
REMOTE_HOST: 127.0.0.1
REQUEST_METHOD: GET
REQUEST_URI: http://localhost:3000/
SCRIPT_NAME: 
SERVER_NAME: localhost
SERVER_PORT: 3000
SERVER_PROTOCOL: HTTP/1.1
SERVER_SOFTWARE: WEBrick/1.3.1 (Ruby/2.3.1/2016-04-26)
HTTP_HOST: localhost:3000
HTTP_CONNECTION: keep-alive
HTTP_UPGRADE_INSECURE_REQUESTS: 1
HTTP_USER_AGENT: Mozilla/5.0 (X11; Linux x86_64) AppleWebKit/537.36 (KHTML, like Gecko) Chrome/57.0.2987.110 Safari/537.36
HTTP_ACCEPT: text/html,application/xhtml+xml,application/xml;q=0.9,image/webp,*/*;q=0.8
HTTP_DNT: 1
HTTP_ACCEPT_ENCODING: gzip, deflate, sdch, br
HTTP_ACCEPT_LANGUAGE: en-US,en;q=0.8
HTTP_VERSION: HTTP/1.1
REQUEST_PATH: /
ORIGINAL_FULLPATH: /
ORIGINAL_SCRIPT_NAME: 
