/home/ehainer/.rvm/gems/ruby-2.3.1/gems/activerecord-5.0.2/lib/active_record/core.rb:173:in `find'
/web/Voltron/voltron-defender/spec/railsapp/app/controllers/home_controller.rb:4:in `index'
/home/ehainer/.rvm/gems/ruby-2.3.1/gems/actionpack-5.0.2/lib/action_controller/metal/basic_implicit_render.rb:4:in `send_action'
/home/ehainer/.rvm/gems/ruby-2.3.1/gems/actionpack-5.0.2/lib/abstract_controller/base.rb:188:in `process_action'
/home/ehainer/.rvm/gems/ruby-2.3.1/gems/actionpack-5.0.2/lib/action_controller/metal/rendering.rb:30:in `process_action'
/home/ehainer/.rvm/gems/ruby-2.3.1/gems/actionpack-5.0.2/lib/abstract_controller/callbacks.rb:20:in `block in process_action'
/home/ehainer/.rvm/gems/ruby-2.3.1/gems/activesupport-5.0.2/lib/active_support/callbacks.rb:126:in `call'
/home/ehainer/.rvm/gems/ruby-2.3.1/gems/activesupport-5.0.2/lib/active_support/callbacks.rb:506:in `block (2 levels) in compile'
/home/ehainer/.rvm/gems/ruby-2.3.1/gems/activesupport-5.0.2/lib/active_support/callbacks.rb:455:in `call'
/home/ehainer/.rvm/gems/ruby-2.3.1/gems/activesupport-5.0.2/lib/active_support/callbacks.rb:101:in `__run_callbacks__'
/home/ehainer/.rvm/gems/ruby-2.3.1/gems/activesupport-5.0.2/lib/active_support/callbacks.rb:750:in `_run_process_action_callbacks'
/home/ehainer/.rvm/gems/ruby-2.3.1/gems/activesupport-5.0.2/lib/active_support/callbacks.rb:90:in `run_callbacks'
/home/ehainer/.rvm/gems/ruby-2.3.1/gems/actionpack-5.0.2/lib/abstract_controller/callbacks.rb:19:in `process_action'
/home/ehainer/.rvm/gems/ruby-2.3.1/gems/actionpack-5.0.2/lib/action_controller/metal/rescue.rb:20:in `process_action'
/home/ehainer/.rvm/gems/ruby-2.3.1/gems/actionpack-5.0.2/lib/action_controller/metal/instrumentation.rb:32:in `block in process_action'
/home/ehainer/.rvm/gems/ruby-2.3.1/gems/activesupport-5.0.2/lib/active_support/notifications.rb:164:in `block in instrument'
/home/ehainer/.rvm/gems/ruby-2.3.1/gems/activesupport-5.0.2/lib/active_support/notifications/instrumenter.rb:21:in `instrument'
/home/ehainer/.rvm/gems/ruby-2.3.1/gems/activesupport-5.0.2/lib/active_support/notifications.rb:164:in `instrument'
/home/ehainer/.rvm/gems/ruby-2.3.1/gems/actionpack-5.0.2/lib/action_controller/metal/instrumentation.rb:30:in `process_action'
/home/ehainer/.rvm/gems/ruby-2.3.1/gems/actionpack-5.0.2/lib/action_controller/metal/params_wrapper.rb:248:in `process_action'
/home/ehainer/.rvm/gems/ruby-2.3.1/gems/activerecord-5.0.2/lib/active_record/railties/controller_runtime.rb:18:in `process_action'
/home/ehainer/.rvm/gems/ruby-2.3.1/gems/actionpack-5.0.2/lib/abstract_controller/base.rb:126:in `process'
/home/ehainer/.rvm/gems/ruby-2.3.1/gems/actionview-5.0.2/lib/action_view/rendering.rb:30:in `process'
/home/ehainer/.rvm/gems/ruby-2.3.1/gems/actionpack-5.0.2/lib/action_controller/metal.rb:190:in `dispatch'
/home/ehainer/.rvm/gems/ruby-2.3.1/gems/actionpack-5.0.2/lib/action_controller/metal.rb:262:in `dispatch'
/home/ehainer/.rvm/gems/ruby-2.3.1/gems/actionpack-5.0.2/lib/action_dispatch/routing/route_set.rb:50:in `dispatch'
/home/ehainer/.rvm/gems/ruby-2.3.1/gems/actionpack-5.0.2/lib/action_dispatch/routing/route_set.rb:32:in `serve'
/home/ehainer/.rvm/gems/ruby-2.3.1/gems/actionpack-5.0.2/lib/action_dispatch/journey/router.rb:39:in `block in serve'
/home/ehainer/.rvm/gems/ruby-2.3.1/gems/actionpack-5.0.2/lib/action_dispatch/journey/router.rb:26:in `each'
/home/ehainer/.rvm/gems/ruby-2.3.1/gems/actionpack-5.0.2/lib/action_dispatch/journey/router.rb:26:in `serve'
/home/ehainer/.rvm/gems/ruby-2.3.1/gems/actionpack-5.0.2/lib/action_dispatch/routing/route_set.rb:725:in `call'
/web/Voltron/voltron-defender/lib/voltron/defender.rb:34:in `call'
/home/ehainer/.rvm/gems/ruby-2.3.1/gems/rack-2.0.1/lib/rack/etag.rb:25:in `call'
/home/ehainer/.rvm/gems/ruby-2.3.1/gems/rack-2.0.1/lib/rack/conditional_get.rb:25:in `call'
/home/ehainer/.rvm/gems/ruby-2.3.1/gems/rack-2.0.1/lib/rack/head.rb:12:in `call'
/home/ehainer/.rvm/gems/ruby-2.3.1/gems/rack-2.0.1/lib/rack/session/abstract/id.rb:222:in `context'
/home/ehainer/.rvm/gems/ruby-2.3.1/gems/rack-2.0.1/lib/rack/session/abstract/id.rb:216:in `call'
/home/ehainer/.rvm/gems/ruby-2.3.1/gems/actionpack-5.0.2/lib/action_dispatch/middleware/cookies.rb:613:in `call'
/home/ehainer/.rvm/gems/ruby-2.3.1/gems/activerecord-5.0.2/lib/active_record/migration.rb:553:in `call'
/home/ehainer/.rvm/gems/ruby-2.3.1/gems/actionpack-5.0.2/lib/action_dispatch/middleware/callbacks.rb:38:in `block in call'
/home/ehainer/.rvm/gems/ruby-2.3.1/gems/activesupport-5.0.2/lib/active_support/callbacks.rb:97:in `__run_callbacks__'
/home/ehainer/.rvm/gems/ruby-2.3.1/gems/activesupport-5.0.2/lib/active_support/callbacks.rb:750:in `_run_call_callbacks'
/home/ehainer/.rvm/gems/ruby-2.3.1/gems/activesupport-5.0.2/lib/active_support/callbacks.rb:90:in `run_callbacks'
/home/ehainer/.rvm/gems/ruby-2.3.1/gems/actionpack-5.0.2/lib/action_dispatch/middleware/callbacks.rb:36:in `call'
/home/ehainer/.rvm/gems/ruby-2.3.1/gems/actionpack-5.0.2/lib/action_dispatch/middleware/executor.rb:12:in `call'
/home/ehainer/.rvm/gems/ruby-2.3.1/gems/actionpack-5.0.2/lib/action_dispatch/middleware/remote_ip.rb:79:in `call'
/home/ehainer/.rvm/gems/ruby-2.3.1/gems/actionpack-5.0.2/lib/action_dispatch/middleware/debug_exceptions.rb:49:in `call'
/home/ehainer/.rvm/gems/ruby-2.3.1/gems/actionpack-5.0.2/lib/action_dispatch/middleware/show_exceptions.rb:31:in `call'
/home/ehainer/.rvm/gems/ruby-2.3.1/gems/railties-5.0.2/lib/rails/rack/logger.rb:36:in `call_app'
/home/ehainer/.rvm/gems/ruby-2.3.1/gems/railties-5.0.2/lib/rails/rack/logger.rb:24:in `block in call'
/home/ehainer/.rvm/gems/ruby-2.3.1/gems/activesupport-5.0.2/lib/active_support/tagged_logging.rb:69:in `block in tagged'
/home/ehainer/.rvm/gems/ruby-2.3.1/gems/activesupport-5.0.2/lib/active_support/tagged_logging.rb:26:in `tagged'
/home/ehainer/.rvm/gems/ruby-2.3.1/gems/activesupport-5.0.2/lib/active_support/tagged_logging.rb:69:in `tagged'
/home/ehainer/.rvm/gems/ruby-2.3.1/gems/railties-5.0.2/lib/rails/rack/logger.rb:24:in `call'
/home/ehainer/.rvm/gems/ruby-2.3.1/gems/actionpack-5.0.2/lib/action_dispatch/middleware/request_id.rb:24:in `call'
/home/ehainer/.rvm/gems/ruby-2.3.1/gems/rack-2.0.1/lib/rack/method_override.rb:22:in `call'
/home/ehainer/.rvm/gems/ruby-2.3.1/gems/rack-2.0.1/lib/rack/runtime.rb:22:in `call'
/home/ehainer/.rvm/gems/ruby-2.3.1/gems/activesupport-5.0.2/lib/active_support/cache/strategy/local_cache_middleware.rb:28:in `call'
/home/ehainer/.rvm/gems/ruby-2.3.1/gems/actionpack-5.0.2/lib/action_dispatch/middleware/executor.rb:12:in `call'
/home/ehainer/.rvm/gems/ruby-2.3.1/gems/actionpack-5.0.2/lib/action_dispatch/middleware/static.rb:136:in `call'
/home/ehainer/.rvm/gems/ruby-2.3.1/gems/rack-2.0.1/lib/rack/sendfile.rb:111:in `call'
/home/ehainer/.rvm/gems/ruby-2.3.1/gems/railties-5.0.2/lib/rails/engine.rb:522:in `call'
/home/ehainer/.rvm/gems/ruby-2.3.1/gems/rack-2.0.1/lib/rack/handler/webrick.rb:86:in `service'
/home/ehainer/.rvm/rubies/ruby-2.3.1/lib/ruby/2.3.0/webrick/httpserver.rb:140:in `service'
/home/ehainer/.rvm/rubies/ruby-2.3.1/lib/ruby/2.3.0/webrick/httpserver.rb:96:in `run'
/home/ehainer/.rvm/rubies/ruby-2.3.1/lib/ruby/2.3.0/webrick/server.rb:296:in `block in start_thread'