/home/ehainer/.rvm/gems/ruby-2.3.1/gems/activesupport-5.0.2/lib/active_support/dependencies.rb:477:in `load'
/home/ehainer/.rvm/gems/ruby-2.3.1/gems/activesupport-5.0.2/lib/active_support/dependencies.rb:477:in `block in load_file'
/home/ehainer/.rvm/gems/ruby-2.3.1/gems/activesupport-5.0.2/lib/active_support/dependencies.rb:662:in `new_constants_in'
/home/ehainer/.rvm/gems/ruby-2.3.1/gems/activesupport-5.0.2/lib/active_support/dependencies.rb:476:in `load_file'
/home/ehainer/.rvm/gems/ruby-2.3.1/gems/activesupport-5.0.2/lib/active_support/dependencies.rb:375:in `block in require_or_load'
/home/ehainer/.rvm/gems/ruby-2.3.1/gems/activesupport-5.0.2/lib/active_support/dependencies.rb:37:in `block in load_interlock'
/home/ehainer/.rvm/gems/ruby-2.3.1/gems/activesupport-5.0.2/lib/active_support/dependencies/interlock.rb:12:in `block in loading'
/home/ehainer/.rvm/gems/ruby-2.3.1/gems/activesupport-5.0.2/lib/active_support/concurrency/share_lock.rb:150:in `exclusive'
/home/ehainer/.rvm/gems/ruby-2.3.1/gems/activesupport-5.0.2/lib/active_support/dependencies/interlock.rb:11:in `loading'
/home/ehainer/.rvm/gems/ruby-2.3.1/gems/activesupport-5.0.2/lib/active_support/dependencies.rb:37:in `load_interlock'
/home/ehainer/.rvm/gems/ruby-2.3.1/gems/activesupport-5.0.2/lib/active_support/dependencies.rb:358:in `require_or_load'
/home/ehainer/.rvm/gems/ruby-2.3.1/gems/activesupport-5.0.2/lib/active_support/dependencies.rb:511:in `load_missing_constant'
/home/ehainer/.rvm/gems/ruby-2.3.1/gems/activesupport-5.0.2/lib/active_support/dependencies.rb:203:in `const_missing'
/home/ehainer/.rvm/gems/ruby-2.3.1/gems/activesupport-5.0.2/lib/active_support/inflector/methods.rb:268:in `const_get'
/home/ehainer/.rvm/gems/ruby-2.3.1/gems/activesupport-5.0.2/lib/active_support/inflector/methods.rb:268:in `block in constantize'
/home/ehainer/.rvm/gems/ruby-2.3.1/gems/activesupport-5.0.2/lib/active_support/inflector/methods.rb:266:in `each'
/home/ehainer/.rvm/gems/ruby-2.3.1/gems/activesupport-5.0.2/lib/active_support/inflector/methods.rb:266:in `inject'
/home/ehainer/.rvm/gems/ruby-2.3.1/gems/activesupport-5.0.2/lib/active_support/inflector/methods.rb:266:in `constantize'
/home/ehainer/.rvm/gems/ruby-2.3.1/gems/activesupport-5.0.2/lib/active_support/dependencies.rb:583:in `get'
/home/ehainer/.rvm/gems/ruby-2.3.1/gems/activesupport-5.0.2/lib/active_support/dependencies.rb:614:in `constantize'
/home/ehainer/.rvm/gems/ruby-2.3.1/gems/actionpack-5.0.2/lib/action_dispatch/http/request.rb:81:in `controller_class'
/home/ehainer/.rvm/gems/ruby-2.3.1/gems/actionpack-5.0.2/lib/action_dispatch/routing/route_set.rb:44:in `controller'
/home/ehainer/.rvm/gems/ruby-2.3.1/gems/actionpack-5.0.2/lib/action_dispatch/routing/route_set.rb:30:in `serve'
/home/ehainer/.rvm/gems/ruby-2.3.1/gems/actionpack-5.0.2/lib/action_dispatch/journey/router.rb:39:in `block in serve'
/home/ehainer/.rvm/gems/ruby-2.3.1/gems/actionpack-5.0.2/lib/action_dispatch/journey/router.rb:26:in `each'
/home/ehainer/.rvm/gems/ruby-2.3.1/gems/actionpack-5.0.2/lib/action_dispatch/journey/router.rb:26:in `serve'
/home/ehainer/.rvm/gems/ruby-2.3.1/gems/actionpack-5.0.2/lib/action_dispatch/routing/route_set.rb:725:in `call'
/web/Voltron/voltron-defender/lib/voltron/defender.rb:30:in `call'
/home/ehainer/.rvm/gems/ruby-2.3.1/gems/rack-2.0.1/lib/rack/etag.rb:25:in `call'
/home/ehainer/.rvm/gems/ruby-2.3.1/gems/rack-2.0.1/lib/rack/conditional_get.rb:25:in `call'
/home/ehainer/.rvm/gems/ruby-2.3.1/gems/rack-2.0.1/lib/rack/head.rb:12:in `call'
/home/ehainer/.rvm/gems/ruby-2.3.1/gems/rack-2.0.1/lib/rack/session/abstract/id.rb:222:in `context'
/home/ehainer/.rvm/gems/ruby-2.3.1/gems/rack-2.0.1/lib/rack/session/abstract/id.rb:216:in `call'
/home/ehainer/.rvm/gems/ruby-2.3.1/gems/actionpack-5.0.2/lib/action_dispatch/middleware/cookies.rb:613:in `call'
/home/ehainer/.rvm/gems/ruby-2.3.1/gems/activerecord-5.0.2/lib/active_record/migration.rb:553:in `call'
/home/ehainer/.rvm/gems/ruby-2.3.1/gems/actionpack-5.0.2/lib/action_dispatch/middleware/callbacks.rb:38:in `block in call'
/home/ehainer/.rvm/gems/ruby-2.3.1/gems/activesupport-5.0.2/lib/active_support/callbacks.rb:97:in `__run_callbacks__'
/home/ehainer/.rvm/gems/ruby-2.3.1/gems/activesupport-5.0.2/lib/active_support/callbacks.rb:750:in `_run_call_callbacks'
/home/ehainer/.rvm/gems/ruby-2.3.1/gems/activesupport-5.0.2/lib/active_support/callbacks.rb:90:in `run_callbacks'
/home/ehainer/.rvm/gems/ruby-2.3.1/gems/actionpack-5.0.2/lib/action_dispatch/middleware/callbacks.rb:36:in `call'
/home/ehainer/.rvm/gems/ruby-2.3.1/gems/actionpack-5.0.2/lib/action_dispatch/middleware/executor.rb:12:in `call'
/home/ehainer/.rvm/gems/ruby-2.3.1/gems/actionpack-5.0.2/lib/action_dispatch/middleware/remote_ip.rb:79:in `call'
/home/ehainer/.rvm/gems/ruby-2.3.1/gems/actionpack-5.0.2/lib/action_dispatch/middleware/debug_exceptions.rb:49:in `call'
/home/ehainer/.rvm/gems/ruby-2.3.1/gems/actionpack-5.0.2/lib/action_dispatch/middleware/show_exceptions.rb:31:in `call'
/home/ehainer/.rvm/gems/ruby-2.3.1/gems/railties-5.0.2/lib/rails/rack/logger.rb:36:in `call_app'
/home/ehainer/.rvm/gems/ruby-2.3.1/gems/railties-5.0.2/lib/rails/rack/logger.rb:24:in `block in call'
/home/ehainer/.rvm/gems/ruby-2.3.1/gems/activesupport-5.0.2/lib/active_support/tagged_logging.rb:69:in `block in tagged'
/home/ehainer/.rvm/gems/ruby-2.3.1/gems/activesupport-5.0.2/lib/active_support/tagged_logging.rb:26:in `tagged'
/home/ehainer/.rvm/gems/ruby-2.3.1/gems/activesupport-5.0.2/lib/active_support/tagged_logging.rb:69:in `tagged'
/home/ehainer/.rvm/gems/ruby-2.3.1/gems/railties-5.0.2/lib/rails/rack/logger.rb:24:in `call'
/home/ehainer/.rvm/gems/ruby-2.3.1/gems/actionpack-5.0.2/lib/action_dispatch/middleware/request_id.rb:24:in `call'
/home/ehainer/.rvm/gems/ruby-2.3.1/gems/rack-2.0.1/lib/rack/method_override.rb:22:in `call'
/home/ehainer/.rvm/gems/ruby-2.3.1/gems/rack-2.0.1/lib/rack/runtime.rb:22:in `call'
/home/ehainer/.rvm/gems/ruby-2.3.1/gems/activesupport-5.0.2/lib/active_support/cache/strategy/local_cache_middleware.rb:28:in `call'
/home/ehainer/.rvm/gems/ruby-2.3.1/gems/actionpack-5.0.2/lib/action_dispatch/middleware/executor.rb:12:in `call'
/home/ehainer/.rvm/gems/ruby-2.3.1/gems/actionpack-5.0.2/lib/action_dispatch/middleware/static.rb:136:in `call'
/home/ehainer/.rvm/gems/ruby-2.3.1/gems/rack-2.0.1/lib/rack/sendfile.rb:111:in `call'
/home/ehainer/.rvm/gems/ruby-2.3.1/gems/railties-5.0.2/lib/rails/engine.rb:522:in `call'
/home/ehainer/.rvm/gems/ruby-2.3.1/gems/rack-2.0.1/lib/rack/handler/webrick.rb:86:in `service'
/home/ehainer/.rvm/rubies/ruby-2.3.1/lib/ruby/2.3.0/webrick/httpserver.rb:140:in `service'
/home/ehainer/.rvm/rubies/ruby-2.3.1/lib/ruby/2.3.0/webrick/httpserver.rb:96:in `run'
/home/ehainer/.rvm/rubies/ruby-2.3.1/lib/ruby/2.3.0/webrick/server.rb:296:in `block in start_thread'